<?xml version="1.0" encoding="UTF-8"?>
<!-- Generated by org.testng.reporters.JUnitXMLReporter -->
<testsuite ignored="0" hostname="DESKTOP-JDIV0GS" failures="1" tests="2" name="chromeTest" time="20.509" errors="0" timestamp="2024-06-11T17:25:57 IST">
  <testcase classname="com.NewAutomationProject.testCases.TC_001_OrangeHrmLoginTest" name="opencartDemopage" time="0.874"/>
  <testcase classname="com.NewAutomationProject.testCases.TC_002_OrangeHrmDashboardTest" name="LastDashboardPage" time="6.003">
    <failure type="org.openqa.selenium.support.ui.UnexpectedTagNameException" message="Element should have been &amp;quot;select&amp;quot; but was &amp;quot;div&amp;quot;
Build info: version: &amp;apos;4.19.1&amp;apos;, revision: &amp;apos;abe0ee07dc&amp;apos;
System info: os.name: &amp;apos;Windows 10&amp;apos;, os.arch: &amp;apos;amd64&amp;apos;, os.version: &amp;apos;10.0&amp;apos;, java.version: &amp;apos;17.0.9&amp;apos;
Driver info: driver.version: unknown">
      <![CDATA[org.openqa.selenium.support.ui.UnexpectedTagNameException: Element should have been "select" but was "div"
Build info: version: '4.19.1', revision: 'abe0ee07dc'
System info: os.name: 'Windows 10', os.arch: 'amd64', os.version: '10.0', java.version: '17.0.9'
Driver info: driver.version: unknown
at org.openqa.selenium.support.ui.Select.<init>(Select.java:46)
at com.NewAutomationProject.pageObjects.OrangeHrmLogoutPage.dropdownSelect(OrangeHrmLogoutPage.java:94)
at com.NewAutomationProject.testCases.TC_002_OrangeHrmDashboardTest.LastDashboardPage(TC_002_OrangeHrmDashboardTest.java:57)
at java.base/java.util.ArrayList.forEach(ArrayList.java:1511)
at java.base/java.util.concurrent.FutureTask.run(FutureTask.java:264)
at java.base/java.util.concurrent.ThreadPoolExecutor.runWorker(ThreadPoolExecutor.java:1136)
at java.base/java.util.concurrent.ThreadPoolExecutor$Worker.run(ThreadPoolExecutor.java:635)
at java.base/java.lang.Thread.run(Thread.java:840)
... Removed 18 stack frames]]>
    </failure>
  </testcase> <!-- LastDashboardPage -->
</testsuite> <!-- chromeTest -->
