<?xml version="1.0" encoding="UTF-8"?>
<!-- Generated by org.testng.reporters.JUnitXMLReporter -->
<testsuite ignored="4" hostname="DESKTOP-JDIV0GS" failures="4" tests="4" name="Selective Group Test" time="0.295" errors="0" timestamp="2024-10-28T16:18:55 IST">
  <testcase classname="com.NewAutomationProject.testCases.TC_002_Guru99TableDemoTest" name="TableTestPageValidation" time="0.069">
    <failure type="java.lang.NullPointerException" message="Cannot invoke &amp;quot;org.openqa.selenium.SearchContext.findElement(org.openqa.selenium.By)&amp;quot; because &amp;quot;this.searchContext&amp;quot; is null">
      <![CDATA[java.lang.NullPointerException: Cannot invoke "org.openqa.selenium.SearchContext.findElement(org.openqa.selenium.By)" because "this.searchContext" is null
at org.openqa.selenium.support.pagefactory.DefaultElementLocator.findElement(DefaultElementLocator.java:68)
at org.openqa.selenium.support.pagefactory.internal.LocatingElementHandler.invoke(LocatingElementHandler.java:38)
at jdk.proxy2/jdk.proxy2.$Proxy13.sendKeys(Unknown Source)
at com.NewAutomationProject.pageObjects.Guru99LoginPage.enterEmail(Guru99LoginPage.java:42)
at com.NewAutomationProject.testCases.TC_002_Guru99TableDemoTest.TableTestPageValidation(TC_002_Guru99TableDemoTest.java:23)
at java.base/java.util.ArrayList.forEach(ArrayList.java:1511)
... Removed 27 stack frames]]>
    </failure>
  </testcase> <!-- TableTestPageValidation -->
  <testcase classname="com.NewAutomationProject.testCases.TC_004_Guru99DragAndDropTest" name="DrapAndDropPageValidation" time="0.044">
    <failure type="java.lang.NullPointerException" message="Cannot invoke &amp;quot;org.openqa.selenium.SearchContext.findElement(org.openqa.selenium.By)&amp;quot; because &amp;quot;this.searchContext&amp;quot; is null">
      <![CDATA[java.lang.NullPointerException: Cannot invoke "org.openqa.selenium.SearchContext.findElement(org.openqa.selenium.By)" because "this.searchContext" is null
at org.openqa.selenium.support.pagefactory.DefaultElementLocator.findElement(DefaultElementLocator.java:68)
at org.openqa.selenium.support.pagefactory.internal.LocatingElementHandler.invoke(LocatingElementHandler.java:38)
at jdk.proxy2/jdk.proxy2.$Proxy13.sendKeys(Unknown Source)
at com.NewAutomationProject.pageObjects.Guru99LoginPage.enterEmail(Guru99LoginPage.java:42)
at com.NewAutomationProject.testCases.TC_004_Guru99DragAndDropTest.DrapAndDropPageValidation(TC_004_Guru99DragAndDropTest.java:28)
at java.base/java.util.ArrayList.forEach(ArrayList.java:1511)
... Removed 27 stack frames]]>
    </failure>
  </testcase> <!-- DrapAndDropPageValidation -->
  <testcase classname="com.NewAutomationProject.testCases.TC_006_Guru99FileUploadTest" name="fileUploadHandlingValidation" time="0.019">
    <failure type="java.lang.NullPointerException" message="Cannot invoke &amp;quot;org.openqa.selenium.SearchContext.findElement(org.openqa.selenium.By)&amp;quot; because &amp;quot;this.searchContext&amp;quot; is null">
      <![CDATA[java.lang.NullPointerException: Cannot invoke "org.openqa.selenium.SearchContext.findElement(org.openqa.selenium.By)" because "this.searchContext" is null
at org.openqa.selenium.support.pagefactory.DefaultElementLocator.findElement(DefaultElementLocator.java:68)
at org.openqa.selenium.support.pagefactory.internal.LocatingElementHandler.invoke(LocatingElementHandler.java:38)
at jdk.proxy2/jdk.proxy2.$Proxy13.sendKeys(Unknown Source)
at com.NewAutomationProject.pageObjects.Guru99LoginPage.enterEmail(Guru99LoginPage.java:42)
at com.NewAutomationProject.testCases.TC_006_Guru99FileUploadTest.fileUploadHandlingValidation(TC_006_Guru99FileUploadTest.java:36)
at java.base/java.util.ArrayList.forEach(ArrayList.java:1511)
... Removed 27 stack frames]]>
    </failure>
  </testcase> <!-- fileUploadHandlingValidation -->
  <testcase classname="com.NewAutomationProject.testCases.TC_008_Guru99LoginLinkScreenshotTest" name="LoginscreenshotCapture" time="0.011">
    <failure type="java.lang.NullPointerException" message="Cannot invoke &amp;quot;org.openqa.selenium.SearchContext.findElement(org.openqa.selenium.By)&amp;quot; because &amp;quot;this.searchContext&amp;quot; is null">
      <![CDATA[java.lang.NullPointerException: Cannot invoke "org.openqa.selenium.SearchContext.findElement(org.openqa.selenium.By)" because "this.searchContext" is null
at org.openqa.selenium.support.pagefactory.DefaultElementLocator.findElement(DefaultElementLocator.java:68)
at org.openqa.selenium.support.pagefactory.internal.LocatingElementHandler.invoke(LocatingElementHandler.java:38)
at jdk.proxy2/jdk.proxy2.$Proxy13.sendKeys(Unknown Source)
at com.NewAutomationProject.pageObjects.Guru99LoginPage.enterEmail(Guru99LoginPage.java:42)
at com.NewAutomationProject.testCases.TC_008_Guru99LoginLinkScreenshotTest.LoginscreenshotCapture(TC_008_Guru99LoginLinkScreenshotTest.java:43)
at java.base/java.util.ArrayList.forEach(ArrayList.java:1511)
... Removed 27 stack frames]]>
    </failure>
  </testcase> <!-- LoginscreenshotCapture -->
  <testcase classname="com.NewAutomationProject.testCases.TC_005_Guru99DatePickerHandlingTest" name="datePickerValidation" time="0.0">
    <ignored/>
  </testcase> <!-- datePickerValidation -->
  <testcase classname="com.NewAutomationProject.testCases.TC_007_Guru99CookiesHandleTest" name="CookiesHandleValidation" time="0.0">
    <ignored/>
  </testcase> <!-- CookiesHandleValidation -->
  <testcase classname="com.NewAutomationProject.testCases.TC_003_Guru99AccessingLink" name="guru99AccessingLinkValidation" time="0.0">
    <ignored/>
  </testcase> <!-- guru99AccessingLinkValidation -->
  <testcase classname="com.NewAutomationProject.testCases.TC_001_Guru99LoginTest" name="guru99LoginPageValidation" time="0.0">
    <ignored/>
  </testcase> <!-- guru99LoginPageValidation -->
</testsuite> <!-- Selective Group Test -->
